{
  "stats": {
    "suites": 1,
    "tests": 9,
    "passes": 9,
    "pending": 0,
    "failures": 0,
    "start": "2022-11-11T20:02:31.894Z",
    "end": "2022-11-11T20:03:31.727Z",
    "duration": 59833,
    "testsRegistered": 9,
    "passPercent": 100,
    "pendingPercent": 0,
    "other": 0,
    "hasOther": false,
    "skipped": 0,
    "hasSkipped": false
  },
  "results": [
    {
      "uuid": "6d0abd15-858a-40fa-932b-a2b11a2cb62a",
      "title": "",
      "fullFile": "cypress\\e2e\\tests.cy.ts",
      "file": "cypress\\e2e\\tests.cy.ts",
      "beforeHooks": [],
      "afterHooks": [],
      "tests": [],
      "suites": [
        {
          "uuid": "b7fce572-7b9c-4f5b-85be-051d0f99c16a",
          "title": "Teste com cypress",
          "fullFile": "",
          "file": "",
          "beforeHooks": [],
          "afterHooks": [],
          "tests": [
            {
              "title": "Acessar a página principal",
              "fullTitle": "Teste com cypress Acessar a página principal",
              "timedOut": null,
              "duration": 4812,
              "state": "passed",
              "speed": "fast",
              "pass": true,
              "fail": false,
              "pending": false,
              "context": null,
              "code": "cy.visit(\"http://localhost:3000\"); // Visita a página principal",
              "err": {},
              "uuid": "c4c3694e-58f0-43b3-b085-03de14838099",
              "parentUUID": "b7fce572-7b9c-4f5b-85be-051d0f99c16a",
              "isHook": false,
              "skipped": false
            },
            {
              "title": "Verificar carrinho de compras vazio ao acessar a página",
              "fullTitle": "Teste com cypress Verificar carrinho de compras vazio ao acessar a página",
              "timedOut": null,
              "duration": 5658,
              "state": "passed",
              "speed": "medium",
              "pass": true,
              "fail": false,
              "pending": false,
              "context": null,
              "code": "cy.visit(\"http://localhost:3000\"); // Visita a página principal\ncy.get(\".styles_headerButtons__ZYiV9 > :nth-child(1)\").click(); // Clica no botão de carrinho de compras\ncy.get(\".css-17ffvgn-MuiTypography-root\").should(\"contain\", \"Carrinho Vazio\"); // Verifica se o texto \"Carrinho Vazio\" está na página",
              "err": {},
              "uuid": "94c8bebb-543b-4c5f-84bd-77c9c67b8824",
              "parentUUID": "b7fce572-7b9c-4f5b-85be-051d0f99c16a",
              "isHook": false,
              "skipped": false
            },
            {
              "title": "Verificar se inicia deslogado",
              "fullTitle": "Teste com cypress Verificar se inicia deslogado",
              "timedOut": null,
              "duration": 5392,
              "state": "passed",
              "speed": "medium",
              "pass": true,
              "fail": false,
              "pending": false,
              "context": null,
              "code": "cy.visit(\"http://localhost:3000\"); // Visita a página principal\ncy.get(\".styles_headerButtons__ZYiV9 > :nth-child(2)\").click(); // Clica no botão de login\ncy.get(\".MuiTypography-root\").should(\"contain\", \"Login\"); // Verifica se o texto \"Login\" está na página",
              "err": {},
              "uuid": "8a14a361-b608-423c-9cfd-1e4625114796",
              "parentUUID": "b7fce572-7b9c-4f5b-85be-051d0f99c16a",
              "isHook": false,
              "skipped": false
            },
            {
              "title": "Verifica se adiciona um produto ao carrinho",
              "fullTitle": "Teste com cypress Verifica se adiciona um produto ao carrinho",
              "timedOut": null,
              "duration": 6431,
              "state": "passed",
              "speed": "medium",
              "pass": true,
              "fail": false,
              "pending": false,
              "context": null,
              "code": "cy.visit(\"http://localhost:3000\"); // Visita a página principal\ncy.get(\".styles_cards__5EoDT > :nth-child(1)\").click(); // Clica no primeiro produto\ncy.get(\".styles_infosContainer__2DeIF > h2\")\n    .invoke(\"text\")\n    .then(function (text) {\n    var name = text.replace(\"<h2>\", \"\").replace(\"</h2>\", \"\"); // Pega o nome do produto\n    cy.get(\".styles_infosContainer__2DeIF > button\").click(); // Clica no botão de adicionar ao carrinho\n    cy.get(\".styles_headerButtons__ZYiV9 > :nth-child(1)\").click(); // Clica no botão de carrinho de compras\n    cy.get(\".styles_produto__0XPy5 > :nth-child(1) > :nth-child(1)\").should(\"contain\", name); // Verifica se o nome do produto está na página\n});",
              "err": {},
              "uuid": "ecc71cc2-8b82-406e-9e81-9878ccb7be00",
              "parentUUID": "b7fce572-7b9c-4f5b-85be-051d0f99c16a",
              "isHook": false,
              "skipped": false
            },
            {
              "title": "Finaliza a compra e verifica se produto adicionado no carrinho está presente",
              "fullTitle": "Teste com cypress Finaliza a compra e verifica se produto adicionado no carrinho está presente",
              "timedOut": null,
              "duration": 6611,
              "state": "passed",
              "speed": "medium",
              "pass": true,
              "fail": false,
              "pending": false,
              "context": null,
              "code": "cy.visit(\"http://localhost:3000\"); // Visita a página principal\ncy.get(\".styles_cards__5EoDT > :nth-child(1)\").click(); // Clica no primeiro produto\ncy.get(\".styles_infosContainer__2DeIF > h2\")\n    .invoke(\"text\")\n    .then(function (text) {\n    var name = text.replace(\"<h2>\", \"\").replace(\"</h2>\", \"\"); // Pega o nome do produto\n    cy.get(\".styles_infosContainer__2DeIF > button\").click(); // Clica no botão de adicionar ao carrinho\n    cy.get(\".styles_headerButtons__ZYiV9 > :nth-child(1)\").click(); // Clica no botão de carrinho de compras\n    cy.get(\".MuiPaper-root > .MuiButton-root\").click(); // Clica no botão de finalizar compra\n    cy.get(\".styles_buyInfo__q1NT5 > :nth-child(1) > h3\").should(\"contain\", name); // Verifica se o nome do produto está na página\n});",
              "err": {},
              "uuid": "2366dfbe-9adc-4c8b-afcb-6e88ec270440",
              "parentUUID": "b7fce572-7b9c-4f5b-85be-051d0f99c16a",
              "isHook": false,
              "skipped": false
            },
            {
              "title": "Remover item do carrinho de compra e verificar se ele fica vazio",
              "fullTitle": "Teste com cypress Remover item do carrinho de compra e verificar se ele fica vazio",
              "timedOut": null,
              "duration": 6220,
              "state": "passed",
              "speed": "medium",
              "pass": true,
              "fail": false,
              "pending": false,
              "context": null,
              "code": "cy.visit(\"http://localhost:3000\"); // Visita a página principal\ncy.get(\".styles_cards__5EoDT > :nth-child(1)\").click(); // Clica no primeiro produto\ncy.get(\".styles_infosContainer__2DeIF > button\").click(); // Clica no botão de adicionar ao carrinho\ncy.get(\".styles_headerButtons__ZYiV9 > :nth-child(1)\").click(); // Clica no botão de carrinho de compras\ncy.get(\".MuiIconButton-sizeSmall\").click(); // Clica no botão de remover item do carrinho\ncy.get(\".css-17ffvgn-MuiTypography-root\").should(\"contain\", \"Carrinho Vazio\"); // Verifica se o texto \"Carrinho Vazio\" está na página",
              "err": {},
              "uuid": "fadacf8a-2b0f-4c0b-b25f-1fdbbd26d820",
              "parentUUID": "b7fce572-7b9c-4f5b-85be-051d0f99c16a",
              "isHook": false,
              "skipped": false
            },
            {
              "title": "Verificar se o botão de login funciona",
              "fullTitle": "Teste com cypress Verificar se o botão de login funciona",
              "timedOut": null,
              "duration": 7973,
              "state": "passed",
              "speed": "medium",
              "pass": true,
              "fail": false,
              "pending": false,
              "context": null,
              "code": "cy.visit(\"http://localhost:3000\"); // Visita a página principal\ncy.get(\".styles_headerButtons__ZYiV9 > :nth-child(2)\").click(); // Clica no botão de login\ncy.get(\":nth-child(1) > .MuiInputBase-root > #outlined-basic\").type(\"joao@email.com\"); // Digita o email\ncy.get(\":nth-child(2) > .MuiInputBase-root > #outlined-basic\").type(\"123456\"); // Digita a senha\ncy.get(\".MuiButtonBase-root\").click(); // Clica no botão de login\ncy.wait(2100); // Espera 2.1 segundos\ncy.contains(\"Funções admin\").should(\"be.visible\"); // Verifica se o texto \"Funções admin\" está na página",
              "err": {},
              "uuid": "e6559678-bae9-473d-aaa1-90740e2551d4",
              "parentUUID": "b7fce572-7b9c-4f5b-85be-051d0f99c16a",
              "isHook": false,
              "skipped": false
            },
            {
              "title": "Verificar adicionar mais uma unidade do produto no carrinho",
              "fullTitle": "Teste com cypress Verificar adicionar mais uma unidade do produto no carrinho",
              "timedOut": null,
              "duration": 6631,
              "state": "passed",
              "speed": "medium",
              "pass": true,
              "fail": false,
              "pending": false,
              "context": null,
              "code": "cy.visit(\"http://localhost:3000\"); // Visita a página principal\ncy.get(\".styles_cards__5EoDT > :nth-child(1)\").click(); // acessa a página do produto\ncy.get(\".styles_infosContainer__2DeIF > button\").click(); // adiciona o produto ao carrinho\ncy.get(\".styles_headerButtons__ZYiV9 > :nth-child(1)\").click(); // acessa o carrinho\ncy.get('[aria-label=\"add\"]').click(); // adiciona mais uma unidade do produto\ncy.contains(\"2\").should(\"be.visible\"); // verifica se a quantidade de produtos é 2",
              "err": {},
              "uuid": "e8e68eb8-abce-4d75-a0f6-3bfef78fc65b",
              "parentUUID": "b7fce572-7b9c-4f5b-85be-051d0f99c16a",
              "isHook": false,
              "skipped": false
            },
            {
              "title": "Verifica se ao adicionar mais um produto no carrinho ao finalizar compra ele fica com o preço correto",
              "fullTitle": "Teste com cypress Verifica se ao adicionar mais um produto no carrinho ao finalizar compra ele fica com o preço correto",
              "timedOut": null,
              "duration": 7116,
              "state": "passed",
              "speed": "medium",
              "pass": true,
              "fail": false,
              "pending": false,
              "context": null,
              "code": "cy.visit(\"http://localhost:3000\"); // Visita a página principal\ncy.get(\".styles_cards__5EoDT > :nth-child(1)\").click(); // acessa a página do produto\ncy.get(\".styles_infosContainer__2DeIF > button\").click(); // adiciona o produto ao carrinho\ncy.get(\".styles_price__vZC3S > :nth-child(2)\")\n    .invoke(\"text\")\n    .then(function (text) {\n    var price = text.replace(\"R$\", \"\").replace(\",\", \".\");\n    1;\n    var total = +price * 2;\n    cy.get(\".styles_headerButtons__ZYiV9 > :nth-child(1)\").click(); // acessa o carrinho\n    cy.get('[aria-label=\"add\"]').click(); // adiciona mais uma unidade do produto\n    cy.contains(\"Finalizar Compra\").click(); // finaliza a compra\n    cy.contains(total).should(\"be.visible\"); // verifica se o preço total está correto\n});",
              "err": {},
              "uuid": "7f533ac5-1e91-4a1d-89e9-a058c135a319",
              "parentUUID": "b7fce572-7b9c-4f5b-85be-051d0f99c16a",
              "isHook": false,
              "skipped": false
            }
          ],
          "suites": [],
          "passes": [
            "c4c3694e-58f0-43b3-b085-03de14838099",
            "94c8bebb-543b-4c5f-84bd-77c9c67b8824",
            "8a14a361-b608-423c-9cfd-1e4625114796",
            "ecc71cc2-8b82-406e-9e81-9878ccb7be00",
            "2366dfbe-9adc-4c8b-afcb-6e88ec270440",
            "fadacf8a-2b0f-4c0b-b25f-1fdbbd26d820",
            "e6559678-bae9-473d-aaa1-90740e2551d4",
            "e8e68eb8-abce-4d75-a0f6-3bfef78fc65b",
            "7f533ac5-1e91-4a1d-89e9-a058c135a319"
          ],
          "failures": [],
          "pending": [],
          "skipped": [],
          "duration": 56844,
          "root": false,
          "rootEmpty": false,
          "_timeout": 2000
        }
      ],
      "passes": [],
      "failures": [],
      "pending": [],
      "skipped": [],
      "duration": 0,
      "root": true,
      "rootEmpty": true,
      "_timeout": 2000
    }
  ],
  "meta": {
    "mocha": {
      "version": "7.0.1"
    },
    "mochawesome": {
      "options": {
        "quiet": false,
        "reportFilename": "mochawesome",
        "saveHtml": true,
        "saveJson": true,
        "consoleReporter": "spec",
        "useInlineDiffs": false,
        "code": true
      },
      "version": "7.1.3"
    },
    "marge": {
      "options": null,
      "version": "6.2.0"
    }
  }
}